Base path: F:/Unity Hub/2018.2.9f1/Editor/Data
Cmd: initializeCompiler
Cmd: compileComputeKernel
  api=4 insize=1176 outsize=821 ok=1
Cmd: compileComputeKernel
  api=4 insize=2780 outsize=47805 ok=1
Cmd: compileComputeKernel
  api=4 insize=9166 outsize=8765 ok=1
Cmd: compileComputeKernel
  api=4 insize=16784 outsize=5425 ok=1
Cmd: compileComputeKernel
  api=4 insize=16784 outsize=5929 ok=1
Cmd: compileComputeKernel
  api=4 insize=16784 outsize=7485 ok=1
Cmd: compileComputeKernel
  api=4 insize=16784 outsize=7789 ok=1
Cmd: compileComputeKernel
  api=4 insize=16784 outsize=9977 ok=1
Cmd: compileComputeKernel
  api=4 insize=16784 outsize=8773 ok=1
Cmd: compileComputeKernel
  api=4 insize=16784 outsize=11145 ok=1
Cmd: initializeCompiler
Cmd: compileComputeKernel
  api=18 insize=2059 outsize=1233 ok=1
Cmd: compileComputeKernel
  api=18 insize=1176 outsize=3337 ok=1
Cmd: compileComputeKernel
  api=18 insize=2780 outsize=198945 ok=1
Cmd: compileComputeKernel
  api=18 insize=7330 outsize=40165 ok=1
Cmd: compileComputeKernel
  api=9 insize=5004 outsize=17337 ok=1
Cmd: compileComputeKernel
  api=4 insize=2351 outsize=2561 ok=1
Cmd: compileComputeKernel
  api=18 insize=9166 outsize=35633 ok=1
Cmd: compileComputeKernel
  api=18 insize=1470 outsize=1789 ok=1
Cmd: compileComputeKernel
  api=4 insize=5435 outsize=6445 ok=1
Cmd: compileComputeKernel
  api=18 insize=1806 outsize=2485 ok=1
Cmd: compileComputeKernel
  api=18 insize=654 outsize=2141 ok=1
Cmd: compileComputeKernel
  error: 1 plat 18 at EncodeBC6H.compute(41): 'CubemapTexelToDirection': conversion from larger type to smaller, possible loss of data
  error: 1 plat 18 at Fibonacci.hlsl(12): conversion from larger type to smaller, possible loss of data
  error: 1 plat 18 at Fibonacci.hlsl(20): conversion from larger type to smaller, possible loss of data
  error: 1 plat 18 at Fibonacci.hlsl(263): 'Fibonacci2dSeq': conversion from larger type to smaller, possible loss of data
  error: 1 plat 18 at Hammersley.hlsl(21): conversion from larger type to smaller, possible loss of data
  api=18 insize=1478 outsize=89481 ok=1
Cmd: compileComputeKernel
  api=18 insize=16784 outsize=21881 ok=1
Cmd: compileComputeKernel
  api=18 insize=16784 outsize=23349 ok=1
Cmd: compileComputeKernel
  api=18 insize=16784 outsize=28605 ok=1
Cmd: compileComputeKernel
  api=18 insize=16784 outsize=29881 ok=1
Cmd: compileComputeKernel
  api=18 insize=16784 outsize=38169 ok=1
Cmd: compileComputeKernel
  api=18 insize=16784 outsize=34281 ok=1
Cmd: compileComputeKernel
  api=18 insize=16784 outsize=40337 ok=1
Cmd: compileComputeKernel
  api=4 insize=16784 outsize=5113 ok=1
Cmd: compileComputeKernel
  api=4 insize=16784 outsize=6505 ok=1
Cmd: compileComputeKernel
  api=4 insize=16784 outsize=6313 ok=1
Cmd: compileComputeKernel
  api=4 insize=16784 outsize=7029 ok=1
Cmd: compileComputeKernel
  api=4 insize=16784 outsize=6805 ok=1
Cmd: compileComputeKernel
  api=4 insize=16784 outsize=8773 ok=1
Cmd: compileComputeKernel
  api=4 insize=16784 outsize=7957 ok=1
Cmd: compileComputeKernel
  api=4 insize=16784 outsize=8461 ok=1
Cmd: compileComputeKernel
  api=4 insize=16784 outsize=10925 ok=1
Cmd: initializeCompiler
Cmd: initializeCompiler
Cmd: initializeCompiler
Cmd: initializeCompiler
Cmd: initializeCompiler
Cmd: initializeCompiler
Cmd: initializeCompiler
Cmd: initializeCompiler
Cmd: initializeCompiler
Cmd: initializeCompiler
Cmd: initializeCompiler
Cmd: initializeCompiler
Cmd: initializeCompiler
Cmd: initializeCompiler
Cmd: initializeCompiler
Cmd: initializeCompiler
Cmd: initializeCompiler
Cmd: initializeCompiler
Cmd: initializeCompiler
Cmd: initializeCompiler
